D:\PROJS\VC\MEDIAPLAYERX\DEBUG\MEDIAPLAYERX.EXE
D:\PROJS\VC\MEDIAPLAYERX\DEBUG\MEDIAPLAYERX.ILK
D:\PROJS\VC\MEDIAPLAYERX\DEBUG\MEDIAPLAYERX.PDB
D:\PROJS\VC\MEDIAPLAYERX\MEDIAPLAYERX\DEBUG\APP_START.OBJ
D:\PROJS\VC\MEDIAPLAYERX\MEDIAPLAYERX\DEBUG\BASEBUTTON.OBJ
D:\Projs\VC\MediaPlayerX\MediaPlayerX\Debug\cl.command.1.tlog
D:\Projs\VC\MediaPlayerX\MediaPlayerX\Debug\CL.read.1.tlog
D:\Projs\VC\MediaPlayerX\MediaPlayerX\Debug\CL.write.1.tlog
D:\PROJS\VC\MEDIAPLAYERX\MEDIAPLAYERX\DEBUG\CONTROLBAR.OBJ
D:\Projs\VC\MediaPlayerX\MediaPlayerX\Debug\link.5316.read.1.tlog
D:\Projs\VC\MediaPlayerX\MediaPlayerX\Debug\link.5316.write.1.tlog
D:\Projs\VC\MediaPlayerX\MediaPlayerX\Debug\link.5316-cvtres.read.1.tlog
D:\Projs\VC\MediaPlayerX\MediaPlayerX\Debug\link.5316-cvtres.write.1.tlog
D:\Projs\VC\MediaPlayerX\MediaPlayerX\Debug\link.command.1.tlog
D:\Projs\VC\MediaPlayerX\MediaPlayerX\Debug\link.read.1.tlog
D:\Projs\VC\MediaPlayerX\MediaPlayerX\Debug\link.write.1.tlog
D:\Projs\VC\MediaPlayerX\MediaPlayerX\Debug\link-cvtres.read.1.tlog
D:\Projs\VC\MediaPlayerX\MediaPlayerX\Debug\link-cvtres.write.1.tlog
D:\PROJS\VC\MEDIAPLAYERX\MEDIAPLAYERX\DEBUG\MAINWINDOW.OBJ
D:\PROJS\VC\MEDIAPLAYERX\MEDIAPLAYERX\DEBUG\MEDIAPLAYERX.EXE.EMBED.MANIFEST
D:\PROJS\VC\MEDIAPLAYERX\MEDIAPLAYERX\DEBUG\MEDIAPLAYERX.EXE.EMBED.MANIFEST.RES
D:\PROJS\VC\MEDIAPLAYERX\MEDIAPLAYERX\DEBUG\MEDIAPLAYERX.EXE.INTERMEDIATE.MANIFEST
D:\Projs\VC\MediaPlayerX\MediaPlayerX\Debug\MediaPlayerX_manifest.rc
D:\Projs\VC\MediaPlayerX\MediaPlayerX\Debug\mt.command.1.tlog
D:\Projs\VC\MediaPlayerX\MediaPlayerX\Debug\mt.read.1.tlog
D:\Projs\VC\MediaPlayerX\MediaPlayerX\Debug\mt.write.1.tlog
D:\PROJS\VC\MEDIAPLAYERX\MEDIAPLAYERX\DEBUG\PLAYLIST.OBJ
D:\Projs\VC\MediaPlayerX\MediaPlayerX\Debug\rc.command.1.tlog
D:\Projs\VC\MediaPlayerX\MediaPlayerX\Debug\rc.read.1.tlog
D:\Projs\VC\MediaPlayerX\MediaPlayerX\Debug\rc.write.1.tlog
D:\PROJS\VC\MEDIAPLAYERX\MEDIAPLAYERX\DEBUG\TRACKBAR.OBJ
D:\Projs\VC\MediaPlayerX\MediaPlayerX\Debug\vc100.idb
D:\PROJS\VC\MEDIAPLAYERX\MEDIAPLAYERX\DEBUG\VC100.PDB
