Build started 3/30/2012 11:33:52 PM.
     1>Project "D:\Projs\VC\MediaPlayerX\console_try\console_try.vcxproj" on node 2 (build target(s)).
     1>InitializeBuildStatus:
         Creating "Debug\console_try.unsuccessfulbuild" because "AlwaysCreate" was specified.
       ClCompile:
         C:\Program Files (x86)\Microsoft Visual Studio 10.0\VC\bin\CL.exe /c /ZI /nologo /W3 /WX- /Od /Oy- /D WIN32 /D _DEBUG /D _CONSOLE /Gm /EHsc /RTC1 /MDd /GS /fp:precise /Zc:wchar_t /Zc:forScope /Yc"StdAfx.h" /Fp"Debug\console_try.pch" /Fo"Debug\\" /Fd"Debug\vc100.pdb" /Gd /TP /analyze- /errorReport:prompt stdafx.cpp
         stdafx.cpp
         C:\Program Files (x86)\Microsoft Visual Studio 10.0\VC\bin\CL.exe /c /ZI /nologo /W3 /WX- /Od /Oy- /D WIN32 /D _DEBUG /D _CONSOLE /Gm /EHsc /RTC1 /MDd /GS /fp:precise /Zc:wchar_t /Zc:forScope /Yu"StdAfx.h" /Fp"Debug\console_try.pch" /Fo"Debug\\" /Fd"Debug\vc100.pdb" /Gd /TP /analyze- /errorReport:prompt console_try.cpp
         console_try.cpp
       ManifestResourceCompile:
         C:\Program Files (x86)\Microsoft SDKs\Windows\v7.0A\bin\rc.exe /nologo /fo"Debug\console_try.exe.embed.manifest.res" Debug\console_try_manifest.rc 
       Link:
         C:\Program Files (x86)\Microsoft Visual Studio 10.0\VC\bin\link.exe /ERRORREPORT:PROMPT /OUT:"D:\Projs\VC\MediaPlayerX\Debug\console_try.exe" /INCREMENTAL /NOLOGO kernel32.lib user32.lib gdi32.lib winspool.lib comdlg32.lib advapi32.lib shell32.lib ole32.lib oleaut32.lib uuid.lib odbc32.lib odbccp32.lib /MANIFEST /ManifestFile:"Debug\console_try.exe.intermediate.manifest" /MANIFESTUAC:"level='asInvoker' uiAccess='false'" /DEBUG /PDB:"D:\Projs\VC\MediaPlayerX\Debug\console_try.pdb" /SUBSYSTEM:CONSOLE /TLBID:1 /DYNAMICBASE /NXCOMPAT /IMPLIB:"D:\Projs\VC\MediaPlayerX\Debug\console_try.lib" /MACHINE:X86 Debug\console_try.exe.embed.manifest.res
         Debug\console_try.obj
         Debug\stdafx.obj
       Manifest:
         C:\Program Files (x86)\Microsoft SDKs\Windows\v7.0A\bin\mt.exe /nologo /verbose /out:"Debug\console_try.exe.embed.manifest" /manifest Debug\console_try.exe.intermediate.manifest
         C:\Program Files (x86)\Microsoft SDKs\Windows\v7.0A\bin\rc.exe /nologo /fo"Debug\console_try.exe.embed.manifest.res" Debug\console_try_manifest.rc 
       LinkEmbedManifest:
         C:\Program Files (x86)\Microsoft Visual Studio 10.0\VC\bin\link.exe /ERRORREPORT:PROMPT /OUT:"D:\Projs\VC\MediaPlayerX\Debug\console_try.exe" /INCREMENTAL /NOLOGO kernel32.lib user32.lib gdi32.lib winspool.lib comdlg32.lib advapi32.lib shell32.lib ole32.lib oleaut32.lib uuid.lib odbc32.lib odbccp32.lib /MANIFEST /ManifestFile:"Debug\console_try.exe.intermediate.manifest" /MANIFESTUAC:"level='asInvoker' uiAccess='false'" /DEBUG /PDB:"D:\Projs\VC\MediaPlayerX\Debug\console_try.pdb" /SUBSYSTEM:CONSOLE /TLBID:1 /DYNAMICBASE /NXCOMPAT /IMPLIB:"D:\Projs\VC\MediaPlayerX\Debug\console_try.lib" /MACHINE:X86 Debug\console_try.exe.embed.manifest.res
         Debug\console_try.obj
         Debug\stdafx.obj
         console_try.vcxproj -> D:\Projs\VC\MediaPlayerX\Debug\console_try.exe
       FinalizeBuildStatus:
         Deleting file "Debug\console_try.unsuccessfulbuild".
         Touching "Debug\console_try.lastbuildstate".
     1>Done Building Project "D:\Projs\VC\MediaPlayerX\console_try\console_try.vcxproj" (build target(s)).

Build succeeded.

Time Elapsed 00:00:09.60
