D:\Projs\VC\MediaPlayerX\console_try\Debug\cl.command.1.tlog
D:\Projs\VC\MediaPlayerX\console_try\Debug\CL.read.1.tlog
D:\Projs\VC\MediaPlayerX\console_try\Debug\CL.write.1.tlog
D:\PROJS\VC\MEDIAPLAYERX\CONSOLE_TRY\DEBUG\CONSOLE_TRY.EXE.EMBED.MANIFEST
D:\PROJS\VC\MEDIAPLAYERX\CONSOLE_TRY\DEBUG\CONSOLE_TRY.EXE.EMBED.MANIFEST.RES
D:\PROJS\VC\MEDIAPLAYERX\CONSOLE_TRY\DEBUG\CONSOLE_TRY.EXE.INTERMEDIATE.MANIFEST
D:\PROJS\VC\MEDIAPLAYERX\CONSOLE_TRY\DEBUG\CONSOLE_TRY.OBJ
D:\PROJS\VC\MEDIAPLAYERX\CONSOLE_TRY\DEBUG\CONSOLE_TRY.PCH
D:\Projs\VC\MediaPlayerX\console_try\Debug\console_try_manifest.rc
D:\Projs\VC\MediaPlayerX\console_try\Debug\link.5828.read.1.tlog
D:\Projs\VC\MediaPlayerX\console_try\Debug\link.5828.write.1.tlog
D:\Projs\VC\MediaPlayerX\console_try\Debug\link.5828-cvtres.read.1.tlog
D:\Projs\VC\MediaPlayerX\console_try\Debug\link.5828-cvtres.write.1.tlog
D:\Projs\VC\MediaPlayerX\console_try\Debug\link.command.1.tlog
D:\Projs\VC\MediaPlayerX\console_try\Debug\link.read.1.tlog
D:\Projs\VC\MediaPlayerX\console_try\Debug\link.write.1.tlog
D:\Projs\VC\MediaPlayerX\console_try\Debug\link-cvtres.read.1.tlog
D:\Projs\VC\MediaPlayerX\console_try\Debug\link-cvtres.write.1.tlog
D:\Projs\VC\MediaPlayerX\console_try\Debug\mt.command.1.tlog
D:\Projs\VC\MediaPlayerX\console_try\Debug\mt.read.1.tlog
D:\Projs\VC\MediaPlayerX\console_try\Debug\mt.write.1.tlog
D:\Projs\VC\MediaPlayerX\console_try\Debug\rc.command.1.tlog
D:\Projs\VC\MediaPlayerX\console_try\Debug\rc.read.1.tlog
D:\Projs\VC\MediaPlayerX\console_try\Debug\rc.write.1.tlog
D:\PROJS\VC\MEDIAPLAYERX\CONSOLE_TRY\DEBUG\STDAFX.OBJ
D:\Projs\VC\MediaPlayerX\console_try\Debug\vc100.idb
D:\PROJS\VC\MEDIAPLAYERX\CONSOLE_TRY\DEBUG\VC100.PDB
D:\PROJS\VC\MEDIAPLAYERX\DEBUG\CONSOLE_TRY.EXE
D:\PROJS\VC\MEDIAPLAYERX\DEBUG\CONSOLE_TRY.ILK
D:\PROJS\VC\MEDIAPLAYERX\DEBUG\CONSOLE_TRY.PDB
